<?xml version="1.0" encoding="UTF-8"?>
<!-- Generated by org.testng.reporters.JUnitReportReporter -->
<testsuite skipped="0" hostname="MSI" name="selenium.upload" tests="1" failures="0" timestamp="11 May 2017 18:34:11 GMT" time="39.496" errors="0">
  <testcase name="get" time="39.496" classname="selenium.upload"/>
</testsuite> <!-- selenium.upload -->
