<?xml version="1.0" encoding="UTF-8"?>
<!-- Generated by org.testng.reporters.JUnitReportReporter -->
<testsuite skipped="0" hostname="MSI" name="selenium.mouse_over" tests="1" failures="0" timestamp="11 May 2017 06:23:12 GMT" time="9.702" errors="0">
  <testcase name="get" time="9.702" classname="selenium.mouse_over"/>
</testsuite> <!-- selenium.mouse_over -->
