<?xml version="1.0" encoding="UTF-8"?>
<!-- Generated by org.testng.reporters.JUnitReportReporter -->
<testsuite hostname="MSI" name="learningMaven.myMavenProject.HelloWorldTest" tests="1" failures="0" timestamp="6 Jun 2017 18:05:37 GMT" time="6.263" errors="0">
  <testcase name="hello" time="6.263" classname="learningMaven.myMavenProject.HelloWorldTest"/>
</testsuite> <!-- learningMaven.myMavenProject.HelloWorldTest -->
