<?xml version="1.0" encoding="UTF-8"?>
<!-- Generated by org.testng.reporters.JUnitReportReporter -->
<testsuite skipped="0" hostname="MSI" name="selenium_SQLintegraton" tests="1" failures="0" timestamp="08 Jun 2017 19:58:08 GMT" time="0.218" errors="0">
  <testcase name="TestVerifyDB" time="0.218" classname="selenium_SQLintegraton"/>
</testsuite> <!-- selenium_SQLintegraton -->
