<?xml version="1.0" encoding="UTF-8"?>
<!-- Generated by org.testng.reporters.JUnitReportReporter -->
<testsuite skipped="0" hostname="MSI" name="learningMaven.myMavenProject.HelloWorldTest" tests="1" failures="0" timestamp="06 Jun 2017 19:35:35 GMT" time="8.943" errors="0">
  <testcase name="hello" time="8.943" classname="learningMaven.myMavenProject.HelloWorldTest"/>
</testsuite> <!-- learningMaven.myMavenProject.HelloWorldTest -->
