<?xml version="1.0" encoding="UTF-8"?>
<!-- Generated by org.testng.reporters.JUnitReportReporter -->
<testsuite skipped="0" hostname="SNYCON-PC" name="regression_test.core_java" tests="1" failures="0" timestamp="29 Jun 2017 12:00:38 GMT" time="136.720" errors="0">
  <testcase name="c" time="136.720" classname="regression_test.core_java"/>
</testsuite> <!-- regression_test.core_java -->
