<?xml version="1.0" encoding="UTF-8"?>
<!-- Generated by org.testng.reporters.JUnitReportReporter -->
<testsuite name="test_ng.cross_browser1" tests="1" time="44.179" ignored="0" failures="0" timestamp="12 Jun 2017 12:34:09 GMT" skipped="0" hostname="SNYCON-PC" errors="0">
  <testcase name="g1" time="44.179" classname="test_ng.cross_browser1"/>
</testsuite> <!-- test_ng.cross_browser1 -->
