<?xml version="1.0" encoding="UTF-8"?>
<!-- Generated by org.testng.reporters.JUnitReportReporter -->
<testsuite name="pom_script.log_out_dis" tests="1" time="117.041" ignored="0" failures="0" timestamp="12 Jun 2017 09:33:09 GMT" skipped="0" hostname="SNYCON-PC" errors="0">
  <testcase name="log1" time="117.041" classname="pom_script.log_out_dis"/>
</testsuite> <!-- pom_script.log_out_dis -->
