<?xml version="1.0" encoding="UTF-8"?>
<!-- Generated by org.testng.reporters.JUnitReportReporter -->
<testsuite name="test_ng.footer_links" tests="1" time="59.064" ignored="0" failures="0" timestamp="12 Jun 2017 12:34:08 GMT" skipped="0" hostname="SNYCON-PC" errors="0">
  <testcase name="footerlinks" time="59.064" classname="test_ng.footer_links"/>
</testsuite> <!-- test_ng.footer_links -->
