<?xml version="1.0" encoding="UTF-8"?>
<!-- Generated by org.testng.reporters.JUnitReportReporter -->
<testsuite name="test_ng.dynamic_date_pic" tests="1" time="76.717" ignored="0" failures="0" timestamp="13 Jun 2017 10:27:27 GMT" skipped="0" hostname="SNYCON-PC" errors="0">
  <testcase name="date_picker" time="76.717" classname="test_ng.dynamic_date_pic"/>
</testsuite> <!-- test_ng.dynamic_date_pic -->
