<?xml version="1.0" encoding="UTF-8"?>
<!-- Generated by org.testng.reporters.JUnitReportReporter -->
<testsuite name="test_ng.backspace" tests="1" time="34.773" ignored="0" failures="0" timestamp="12 Jun 2017 12:34:09 GMT" skipped="0" hostname="SNYCON-PC" errors="0">
  <testcase name="back_s" time="34.773" classname="test_ng.backspace"/>
</testsuite> <!-- test_ng.backspace -->
