<?xml version="1.0" encoding="UTF-8"?>
<!-- Generated by org.testng.reporters.JUnitReportReporter -->
<testsuite name="pom_script.login_display" tests="1" time="153.062" ignored="0" failures="0" timestamp="12 Jun 2017 09:33:09 GMT" skipped="0" hostname="SNYCON-PC" errors="0">
  <testcase name="get" time="153.062" classname="pom_script.login_display"/>
</testsuite> <!-- pom_script.login_display -->
