<?xml version="1.0" encoding="UTF-8"?>
<!-- Generated by org.testng.reporters.JUnitReportReporter -->
<testsuite name="pack_two.demo_two" tests="2" time="0.024" ignored="0" failures="0" timestamp="02 Jun 2017 09:45:02 GMT" skipped="0" hostname="SNYCON-PC" errors="0">
  <testcase name="secondTestCase" time="0.003" classname="pack_two.demo_two"/>
  <testcase name="firstTestCase" time="0.021" classname="pack_two.demo_two"/>
</testsuite> <!-- pack_two.demo_two -->
