<?xml version="1.0" encoding="UTF-8"?>
<!-- Generated by org.testng.reporters.JUnitReportReporter -->
<testsuite skipped="0" hostname="SNYCON-PC" name="regression_test.hibernate" tests="1" failures="0" timestamp="29 Jun 2017 12:21:12 GMT" time="65.390" errors="0">
  <testcase name="c" time="65.390" classname="regression_test.hibernate"/>
</testsuite> <!-- regression_test.hibernate -->
