<?xml version="1.0" encoding="UTF-8"?>
<!-- Generated by org.testng.reporters.JUnitReportReporter -->
<testsuite skipped="0" hostname="SNYCON-PC" name="regression_test.manual_selenium" tests="1" failures="0" timestamp="29 Jun 2017 12:41:13 GMT" time="15.688" errors="0">
  <testcase name="c" time="15.688" classname="regression_test.manual_selenium"/>
</testsuite> <!-- regression_test.manual_selenium -->
