<?xml version="1.0" encoding="UTF-8"?>
<!-- Generated by org.testng.reporters.JUnitReportReporter -->
<testsuite name="test_ng.header_links" tests="1" time="42.182" ignored="0" failures="0" timestamp="12 Jun 2017 12:34:09 GMT" skipped="0" hostname="SNYCON-PC" errors="0">
  <testcase name="headerlinks" time="42.182" classname="test_ng.header_links"/>
</testsuite> <!-- test_ng.header_links -->
