<?xml version="1.0" encoding="UTF-8"?>
<!-- Generated by org.testng.reporters.JUnitReportReporter -->
<testsuite name="pom_script.ele1_dis" tests="1" time="2.827" ignored="0" failures="0" timestamp="02 Jun 2017 09:21:20 GMT" skipped="0" hostname="SNYCON-PC" errors="0">
  <testcase name="get" time="2.827" classname="pom_script.ele1_dis"/>
</testsuite> <!-- pom_script.ele1_dis -->
