<?xml version="1.0" encoding="UTF-8"?>
<!-- Generated by org.testng.reporters.JUnitReportReporter -->
<testsuite skipped="0" hostname="SNYCON-PC" name="regression_test.c_plus_tut" tests="1" failures="0" timestamp="29 Jun 2017 11:50:55 GMT" time="47.247" errors="0">
  <testcase name="c" time="47.247" classname="regression_test.c_plus_tut"/>
</testsuite> <!-- regression_test.c_plus_tut -->
