<?xml version="1.0" encoding="UTF-8"?>
<!-- Generated by org.testng.reporters.JUnitReportReporter -->
<testsuite name="test_ng.mouse_over1" tests="1" time="10.513" ignored="0" failures="0" timestamp="31 May 2017 11:39:00 GMT" skipped="0" hostname="SNYCON-PC" errors="0">
  <testcase name="g" time="10.513" classname="test_ng.mouse_over1"/>
</testsuite> <!-- test_ng.mouse_over1 -->
