<?xml version="1.0" encoding="UTF-8"?>
<!-- Generated by org.testng.reporters.JUnitReportReporter -->
<testsuite name="constant.cross_browser1" tests="1" time="56.789" ignored="0" failures="0" timestamp="30 May 2017 11:56:31 GMT" skipped="0" hostname="SNYCON-PC" errors="0">
  <testcase name="g1" time="56.789" classname="constant.cross_browser1"/>
</testsuite> <!-- constant.cross_browser1 -->
