<?xml version="1.0" encoding="UTF-8"?>
<!-- Generated by org.testng.reporters.JUnitReportReporter -->
<testsuite name="pom_script.display" tests="1" time="60.746" ignored="0" failures="0" timestamp="12 Jun 2017 09:33:09 GMT" skipped="0" hostname="SNYCON-PC" errors="0">
  <testcase name="d" time="60.746" classname="pom_script.display"/>
</testsuite> <!-- pom_script.display -->
