<?xml version="1.0" encoding="UTF-8"?>
<!-- Generated by org.testng.reporters.JUnitReportReporter -->
<testsuite name="pom_script.carr_fresh_dis" tests="1" time="42.784" ignored="0" failures="0" timestamp="13 Jun 2017 09:42:09 GMT" skipped="0" hostname="SNYCON-PC" errors="0">
  <testcase name="get1" time="42.784" classname="pom_script.carr_fresh_dis"/>
</testsuite> <!-- pom_script.carr_fresh_dis -->
