<?xml version="1.0" encoding="UTF-8"?>
<!-- Generated by org.testng.reporters.JUnitReportReporter -->
<testsuite name="pom_script.contact_us_dis" tests="1" time="12.469" ignored="0" failures="0" timestamp="13 Jun 2017 09:42:09 GMT" skipped="0" hostname="SNYCON-PC" errors="0">
  <testcase name="get" time="12.469" classname="pom_script.contact_us_dis"/>
</testsuite> <!-- pom_script.contact_us_dis -->
