<?xml version="1.0" encoding="UTF-8"?>
<!-- Generated by org.testng.reporters.JUnitReportReporter -->
<testsuite skipped="0" hostname="SNYCON-PC" name="regression_test.structs" tests="1" failures="0" timestamp="29 Jun 2017 12:37:14 GMT" time="24.229" errors="0">
  <testcase name="c" time="24.229" classname="regression_test.structs"/>
</testsuite> <!-- regression_test.structs -->
