<?xml version="1.0" encoding="UTF-8"?>
<!-- Generated by org.testng.reporters.JUnitReportReporter -->
<testsuite name="pom_script.total_links_dis" tests="1" time="177.025" ignored="0" failures="0" timestamp="12 Jun 2017 09:33:09 GMT" skipped="0" hostname="SNYCON-PC" errors="1">
  <testcase name="get" time="177.025" classname="pom_script.total_links_dis">
    <error type="java.lang.ExceptionInInitializerError">
      <![CDATA[java.lang.ExceptionInInitializerError
	at pom_design.total_links.tl(total_links.java:32)
	at pom_script.total_links_dis.get(total_links_dis.java:16)
	at sun.reflect.NativeMethodAccessorImpl.invoke0(Native Method)
	at sun.reflect.NativeMethodAccessorImpl.invoke(NativeMethodAccessorImpl.java:57)
	at sun.reflect.DelegatingMethodAccessorImpl.invoke(DelegatingMethodAccessorImpl.java:43)
	at java.lang.reflect.Method.invoke(Method.java:601)
	at org.testng.internal.MethodInvocationHelper.invokeMethod(MethodInvocationHelper.java:104)
	at org.testng.internal.Invoker.invokeMethod(Invoker.java:645)
	at org.testng.internal.Invoker.invokeTestMethod(Invoker.java:851)
	at org.testng.internal.Invoker.invokeTestMethods(Invoker.java:1177)
	at org.testng.internal.TestMethodWorker.invokeTestMethods(TestMethodWorker.java:129)
	at org.testng.internal.TestMethodWorker.run(TestMethodWorker.java:112)
	at org.testng.TestRunner.privateRun(TestRunner.java:756)
	at org.testng.TestRunner.run(TestRunner.java:610)
	at org.testng.SuiteRunner.runTest(SuiteRunner.java:387)
	at org.testng.SuiteRunner.runSequentially(SuiteRunner.java:382)
	at org.testng.SuiteRunner.privateRun(SuiteRunner.java:340)
	at org.testng.SuiteRunner.run(SuiteRunner.java:289)
	at org.testng.SuiteRunnerWorker.runSuite(SuiteRunnerWorker.java:52)
	at org.testng.SuiteRunnerWorker.run(SuiteRunnerWorker.java:86)
	at org.testng.TestNG.runSuitesSequentially(TestNG.java:1293)
	at org.testng.TestNG.runSuitesLocally(TestNG.java:1218)
	at org.testng.TestNG.runSuites(TestNG.java:1133)
	at org.testng.TestNG.run(TestNG.java:1104)
	at org.testng.remote.AbstractRemoteTestNG.run(AbstractRemoteTestNG.java:132)
	at org.testng.remote.RemoteTestNG.initAndRun(RemoteTestNG.java:236)
	at org.testng.remote.RemoteTestNG.main(RemoteTestNG.java:81)
Caused by: org.openqa.selenium.WebDriverException: Failed to connect to binary FirefoxBinary(C:\Program Files\Mozilla Firefox\firefox.exe) on port 7069; process output follows: 
9e97384}","minVersion":"45.0a1","maxVersion":"45.0.1"},{"id":"xpcshell@tests.mozilla.org","minVersion":"0","maxVersion":"10"}],"targetPlatforms":[],"multiprocessCompatible":false,"seen":true}
1497258778387	addons.xpi	DEBUG	getModTime: Recursive scan of loop@mozilla.org
1497258778387	addons.xpi	DEBUG	Updating XPIState for {"id":"{972ce4c6-7e08-4474-a285-3208198ce6fd}","syncGUID":"SHH6rjwqZTCn","location":"app-global","version":"45.0.1","type":"theme","internalName":"classic/1.0","updateURL":null,"updateKey":null,"optionsURL":null,"optionsType":null,"aboutURL":null,"icons":{"32":"icon.png","48":"icon.png"},"iconURL":null,"icon64URL":null,"defaultLocale":{"name":"Default","description":"The default theme.","creator":"Mozilla","homepageURL":null,"contributors":["Mozilla Contributors"]},"visible":true,"active":true,"userDisabled":false,"appDisabled":false,"descriptor":"C:\\Program Files\\Mozilla Firefox\\browser\\extensions\\{972ce4c6-7e08-4474-a285-3208198ce6fd}.xpi","installDate":1458092953000,"updateDate":1458092953000,"applyBackgroundUpdates":1,"skinnable":true,"size":22012,"sourceURI":null,"releaseNotesURI":null,"softDisabled":false,"foreignInstall":false,"hasBinaryComponents":false,"strictCompatibility":true,"locales":[],"targetApplications":[{"id":"{ec8030f7-c20a-464f-9b0e-13a3a9e97384}","minVersion":"45.0.1","maxVersion":"45.0.1"}],"targetPlatforms":[],"seen":true}
1497258778387	addons.xpi	DEBUG	getModTime: Recursive scan of {972ce4c6-7e08-4474-a285-3208198ce6fd}
1497258778388	DeferredSave.extensions.json	DEBUG	Save changes
1497258778388	addons.xpi	DEBUG	Updating database with changes to installed add-ons
1497258778388	addons.xpi-utils	DEBUG	Updating add-on states
1497258778397	addons.xpi-utils	DEBUG	Writing add-ons list
1497258778405	addons.xpi	DEBUG	Registering manifest for C:\Program Files\Mozilla Firefox\browser\features\loop@mozilla.org.xpi
1497258778406	addons.xpi	DEBUG	Calling bootstrap method startup on loop@mozilla.org version 0.1
1497258779210	addons.manager	DEBUG	Starting provider: <unnamed-provider>
1497258779210	addons.manager	DEBUG	Registering shutdown blocker for <unnamed-provider>
1497258779210	addons.manager	DEBUG	Provider finished startup: <unnamed-provider>
1497258779340	addons.manager	DEBUG	Registering shutdown blocker for XPIProvider
1497258779341	addons.manager	DEBUG	Provider finished startup: XPIProvider
1497258779341	addons.manager	DEBUG	Starting provider: LightweightThemeManager
1497258779341	addons.manager	DEBUG	Registering shutdown blocker for LightweightThemeManager
1497258779341	addons.manager	DEBUG	Provider finished startup: LightweightThemeManager
1497258779342	addons.manager	DEBUG	Starting provider: GMPProvider
1497258779365	addons.manager	DEBUG	Registering shutdown blocker for GMPProvider
1497258779365	addons.manager	DEBUG	Provider finished startup: GMPProvider
1497258779365	addons.manager	DEBUG	Starting provider: PluginProvider
1497258779366	addons.manager	DEBUG	Registering shutdown blocker for PluginProvider
1497258779366	addons.manager	DEBUG	Provider finished startup: PluginProvider
1497258779367	addons.manager	DEBUG	Completed startup sequence
1497258791719	DeferredSave.extensions.json	DEBUG	Write succeeded
1497258791719	addons.xpi-utils	DEBUG	XPI Database saved, setting schema version preference to 17
1497258791720	DeferredSave.extensions.json	DEBUG	Starting timer
1497258791767	DeferredSave.extensions.json	DEBUG	Starting write
1497258791891	addons.repository	DEBUG	No addons.json found.
1497258791937	DeferredSave.addons.json	DEBUG	Save changes
1497258791968	DeferredSave.addons.json	DEBUG	Starting timer
1497258793733	addons.manager	DEBUG	Starting provider: PreviousExperimentProvider
1497258793733	addons.manager	DEBUG	Registering shutdown blocker for PreviousExperimentProvider
1497258793733	addons.manager	DEBUG	Provider finished startup: PreviousExperimentProvider
1497258793737	DeferredSave.addons.json	DEBUG	Starting write
1497258795639	DeferredSave.extensions.json	DEBUG	Write succeeded
1497258797073	DeferredSave.addons.json	DEBUG	Write succeeded

Build info: version: '2.53.0', revision: '35ae25b', time: '2016-03-15 16:57:40'
System info: host: 'SNYCON-PC', ip: '192.168.100.15', os.name: 'Windows 7', os.arch: 'x86', os.version: '6.1', java.version: '1.7.0_09'
Driver info: driver.version: FirefoxDriver
	at org.openqa.selenium.firefox.internal.NewProfileExtensionConnection.start(NewProfileExtensionConnection.java:124)
	at org.openqa.selenium.firefox.FirefoxDriver.startClient(FirefoxDriver.java:271)
	at org.openqa.selenium.remote.RemoteWebDriver.<init>(RemoteWebDriver.java:119)
	at org.openqa.selenium.firefox.FirefoxDriver.<init>(FirefoxDriver.java:218)
	at org.openqa.selenium.firefox.FirefoxDriver.<init>(FirefoxDriver.java:211)
	at org.openqa.selenium.firefox.FirefoxDriver.<init>(FirefoxDriver.java:207)
	at org.openqa.selenium.firefox.FirefoxDriver.<init>(FirefoxDriver.java:120)
	at common_utilities.navigate_back.<clinit>(navigate_back.java:18)
	... 27 more
Caused by: org.openqa.selenium.firefox.NotConnectedException: Unable to connect to host 127.0.0.1 on port 7069 after 45000 ms. Firefox console output:
9e97384}","minVersion":"45.0a1","maxVersion":"45.0.1"},{"id":"xpcshell@tests.mozilla.org","minVersion":"0","maxVersion":"10"}],"targetPlatforms":[],"multiprocessCompatible":false,"seen":true}
1497258778387	addons.xpi	DEBUG	getModTime: Recursive scan of loop@mozilla.org
1497258778387	addons.xpi	DEBUG	Updating XPIState for {"id":"{972ce4c6-7e08-4474-a285-3208198ce6fd}","syncGUID":"SHH6rjwqZTCn","location":"app-global","version":"45.0.1","type":"theme","internalName":"classic/1.0","updateURL":null,"updateKey":null,"optionsURL":null,"optionsType":null,"aboutURL":null,"icons":{"32":"icon.png","48":"icon.png"},"iconURL":null,"icon64URL":null,"defaultLocale":{"name":"Default","description":"The default theme.","creator":"Mozilla","homepageURL":null,"contributors":["Mozilla Contributors"]},"visible":true,"active":true,"userDisabled":false,"appDisabled":false,"descriptor":"C:\\Program Files\\Mozilla Firefox\\browser\\extensions\\{972ce4c6-7e08-4474-a285-3208198ce6fd}.xpi","installDate":1458092953000,"updateDate":1458092953000,"applyBackgroundUpdates":1,"skinnable":true,"size":22012,"sourceURI":null,"releaseNotesURI":null,"softDisabled":false,"foreignInstall":false,"hasBinaryComponents":false,"strictCompatibility":true,"locales":[],"targetApplications":[{"id":"{ec8030f7-c20a-464f-9b0e-13a3a9e97384}","minVersion":"45.0.1","maxVersion":"45.0.1"}],"targetPlatforms":[],"seen":true}
1497258778387	addons.xpi	DEBUG	getModTime: Recursive scan of {972ce4c6-7e08-4474-a285-3208198ce6fd}
1497258778388	DeferredSave.extensions.json	DEBUG	Save changes
1497258778388	addons.xpi	DEBUG	Updating database with changes to installed add-ons
1497258778388	addons.xpi-utils	DEBUG	Updating add-on states
1497258778397	addons.xpi-utils	DEBUG	Writing add-ons list
1497258778405	addons.xpi	DEBUG	Registering manifest for C:\Program Files\Mozilla Firefox\browser\features\loop@mozilla.org.xpi
1497258778406	addons.xpi	DEBUG	Calling bootstrap method startup on loop@mozilla.org version 0.1
1497258779210	addons.manager	DEBUG	Starting provider: <unnamed-provider>
1497258779210	addons.manager	DEBUG	Registering shutdown blocker for <unnamed-provider>
1497258779210	addons.manager	DEBUG	Provider finished startup: <unnamed-provider>
1497258779340	addons.manager	DEBUG	Registering shutdown blocker for XPIProvider
1497258779341	addons.manager	DEBUG	Provider finished startup: XPIProvider
1497258779341	addons.manager	DEBUG	Starting provider: LightweightThemeManager
1497258779341	addons.manager	DEBUG	Registering shutdown blocker for LightweightThemeManager
1497258779341	addons.manager	DEBUG	Provider finished startup: LightweightThemeManager
1497258779342	addons.manager	DEBUG	Starting provider: GMPProvider
1497258779365	addons.manager	DEBUG	Registering shutdown blocker for GMPProvider
1497258779365	addons.manager	DEBUG	Provider finished startup: GMPProvider
1497258779365	addons.manager	DEBUG	Starting provider: PluginProvider
1497258779366	addons.manager	DEBUG	Registering shutdown blocker for PluginProvider
1497258779366	addons.manager	DEBUG	Provider finished startup: PluginProvider
1497258779367	addons.manager	DEBUG	Completed startup sequence
1497258791719	DeferredSave.extensions.json	DEBUG	Write succeeded
1497258791719	addons.xpi-utils	DEBUG	XPI Database saved, setting schema version preference to 17
1497258791720	DeferredSave.extensions.json	DEBUG	Starting timer
1497258791767	DeferredSave.extensions.json	DEBUG	Starting write
1497258791891	addons.repository	DEBUG	No addons.json found.
1497258791937	DeferredSave.addons.json	DEBUG	Save changes
1497258791968	DeferredSave.addons.json	DEBUG	Starting timer
1497258793733	addons.manager	DEBUG	Starting provider: PreviousExperimentProvider
1497258793733	addons.manager	DEBUG	Registering shutdown blocker for PreviousExperimentProvider
1497258793733	addons.manager	DEBUG	Provider finished startup: PreviousExperimentProvider
1497258793737	DeferredSave.addons.json	DEBUG	Starting write
1497258795639	DeferredSave.extensions.json	DEBUG	Write succeeded
1497258797073	DeferredSave.addons.json	DEBUG	Write succeeded

	at org.openqa.selenium.firefox.internal.NewProfileExtensionConnection.start(NewProfileExtensionConnection.java:112)
	... 34 more
]]>
    </error>
  </testcase> <!-- get -->
</testsuite> <!-- pom_script.total_links_dis -->
