<?xml version="1.0" encoding="UTF-8"?>
<!-- Generated by org.testng.reporters.JUnitReportReporter -->
<testsuite name="log4j_demo" tests="1" time="7.743" ignored="0" failures="0" timestamp="13 Jun 2017 08:54:06 GMT" skipped="0" hostname="SNYCON-PC" errors="0">
  <testcase name="log" time="7.743" classname="log4j_demo"/>
</testsuite> <!-- log4j_demo -->
