<?xml version="1.0" encoding="UTF-8"?>
<!-- Generated by org.testng.reporters.JUnitReportReporter -->
<testsuite skipped="0" hostname="SNYCON-PC" name="regression_test.jsp" tests="1" failures="0" timestamp="29 Jun 2017 12:38:04 GMT" time="36.697" errors="0">
  <testcase name="c" time="36.697" classname="regression_test.jsp"/>
</testsuite> <!-- regression_test.jsp -->
