<?xml version="1.0" encoding="UTF-8"?>
<!-- Generated by org.testng.reporters.JUnitReportReporter -->
<testsuite name="pom_script.online_test_dis" tests="1" time="85.285" ignored="0" failures="0" timestamp="12 Jun 2017 09:33:09 GMT" skipped="0" hostname="SNYCON-PC" errors="1">
  <testcase name="o1" time="85.285" classname="pom_script.online_test_dis">
    <error type="org.openqa.selenium.WebDriverException" message="Failed to connect to binary FirefoxBinary(C:\Program Files\Mozilla Firefox\firefox.exe) on port 7066; process output follows: 
.xpi	DEBUG	Updating XPIState for {&quot;id&quot;:&quot;loop@mozilla.org&quot;,&quot;syncGUID&quot;:&quot;g2Stk-lsBLvr&quot;,&quot;location&quot;:&quot;app-system-defaults&quot;,&quot;version&quot;:&quot;0.1&quot;,&quot;type&quot;:&quot;extension&quot;,&quot;internalName&quot;:null,&quot;updateURL&quot;:null,&quot;updateKey&quot;:null,&quot;optionsURL&quot;:null,&quot;optionsType&quot;:null,&quot;aboutURL&quot;:null,&quot;icons&quot;:{},&quot;iconURL&quot;:null,&quot;icon64URL&quot;:null,&quot;defaultLocale&quot;:{&quot;name&quot;:&quot;Firefox Hello Beta&quot;,&quot;description&quot;:&quot;Web sharing for Firefox&quot;,&quot;creator&quot;:&quot;Mozilla&quot;,&quot;homepageURL&quot;:null},&quot;visible&quot;:true,&quot;active&quot;:true,&quot;userDisabled&quot;:false,&quot;appDisabled&quot;:false,&quot;descriptor&quot;:&quot;C:\\Program Files\\Mozilla Firefox\\browser\\features\\loop@mozilla.org.xpi&quot;,&quot;installDate&quot;:1458092953000,&quot;updateDate&quot;:1458092953000,&quot;applyBackgroundUpdates&quot;:1,&quot;bootstrap&quot;:true,&quot;skinnable&quot;:false,&quot;size&quot;:3086127,&quot;sourceURI&quot;:null,&quot;releaseNotesURI&quot;:null,&quot;softDisabled&quot;:false,&quot;foreignInstall&quot;:false,&quot;hasBinaryComponents&quot;:false,&quot;strictCompatibility&quot;:false,&quot;locales&quot;:[],&quot;targetApplications&quot;:[{&quot;id&quot;:&quot;{ec8030f7-c20a-464f-9b0e-13a3a9e97384}&quot;,&quot;minVersion&quot;:&quot;45.0a1&quot;,&quot;maxVersion&quot;:&quot;45.0.1&quot;},{&quot;id&quot;:&quot;xpcshell@tests.mozilla.org&quot;,&quot;minVersion&quot;:&quot;0&quot;,&quot;maxVersion&quot;:&quot;10&quot;}],&quot;targetPlatforms&quot;:[],&quot;multiprocessCompatible&quot;:false,&quot;seen&quot;:true}
1497257961925	addons.xpi	DEBUG	getModTime: Recursive scan of loop@mozilla.org
1497257961925	addons.xpi	DEBUG	Updating XPIState for {&quot;id&quot;:&quot;{972ce4c6-7e08-4474-a285-3208198ce6fd}&quot;,&quot;syncGUID&quot;:&quot;qiRmsAnrbHT6&quot;,&quot;location&quot;:&quot;app-global&quot;,&quot;version&quot;:&quot;45.0.1&quot;,&quot;type&quot;:&quot;theme&quot;,&quot;internalName&quot;:&quot;classic/1.0&quot;,&quot;updateURL&quot;:null,&quot;updateKey&quot;:null,&quot;optionsURL&quot;:null,&quot;optionsType&quot;:null,&quot;aboutURL&quot;:null,&quot;icons&quot;:{&quot;32&quot;:&quot;icon.png&quot;,&quot;48&quot;:&quot;icon.png&quot;},&quot;iconURL&quot;:null,&quot;icon64URL&quot;:null,&quot;defaultLocale&quot;:{&quot;name&quot;:&quot;Default&quot;,&quot;description&quot;:&quot;The default theme.&quot;,&quot;creator&quot;:&quot;Mozilla&quot;,&quot;homepageURL&quot;:null,&quot;contributors&quot;:[&quot;Mozilla Contributors&quot;]},&quot;visible&quot;:true,&quot;active&quot;:true,&quot;userDisabled&quot;:false,&quot;appDisabled&quot;:false,&quot;descriptor&quot;:&quot;C:\\Program Files\\Mozilla Firefox\\browser\\extensions\\{972ce4c6-7e08-4474-a285-3208198ce6fd}.xpi&quot;,&quot;installDate&quot;:1458092953000,&quot;updateDate&quot;:1458092953000,&quot;applyBackgroundUpdates&quot;:1,&quot;skinnable&quot;:true,&quot;size&quot;:22012,&quot;sourceURI&quot;:null,&quot;releaseNotesURI&quot;:null,&quot;softDisabled&quot;:false,&quot;foreignInstall&quot;:false,&quot;hasBinaryComponents&quot;:false,&quot;strictCompatibility&quot;:true,&quot;locales&quot;:[],&quot;targetApplications&quot;:[{&quot;id&quot;:&quot;{ec8030f7-c20a-464f-9b0e-13a3a9e97384}&quot;,&quot;minVersion&quot;:&quot;45.0.1&quot;,&quot;maxVersion&quot;:&quot;45.0.1&quot;}],&quot;targetPlatforms&quot;:[],&quot;seen&quot;:true}
1497257961926	addons.xpi	DEBUG	getModTime: Recursive scan of {972ce4c6-7e08-4474-a285-3208198ce6fd}
1497257961926	DeferredSave.extensions.json	DEBUG	Save changes
1497257961927	addons.xpi	DEBUG	Updating database with changes to installed add-ons
1497257961927	addons.xpi-utils	DEBUG	Updating add-on states
1497257961934	addons.xpi-utils	DEBUG	Writing add-ons list
1497257961998	addons.xpi	DEBUG	Registering manifest for C:\Program Files\Mozilla Firefox\browser\features\loop@mozilla.org.xpi
1497257962009	addons.xpi	DEBUG	Calling bootstrap method startup on loop@mozilla.org version 0.1
1497257962119	addons.manager	DEBUG	Starting provider: &lt;unnamed-provider&gt;
1497257962119	addons.manager	DEBUG	Registering shutdown blocker for &lt;unnamed-provider&gt;
1497257962119	addons.manager	DEBUG	Provider finished startup: &lt;unnamed-provider&gt;
1497257962167	addons.manager	DEBUG	Registering shutdown blocker for XPIProvider
1497257962167	addons.manager	DEBUG	Provider finished startup: XPIProvider
1497257962167	addons.manager	DEBUG	Starting provider: LightweightThemeManager
1497257962168	addons.manager	DEBUG	Registering shutdown blocker for LightweightThemeManager
1497257962168	addons.manager	DEBUG	Provider finished startup: LightweightThemeManager
1497257962168	addons.manager	DEBUG	Starting provider: GMPProvider
1497257962251	addons.manager	DEBUG	Registering shutdown blocker for GMPProvider
1497257962252	addons.manager	DEBUG	Provider finished startup: GMPProvider
1497257962252	addons.manager	DEBUG	Starting provider: PluginProvider
1497257962252	addons.manager	DEBUG	Registering shutdown blocker for PluginProvider
1497257962252	addons.manager	DEBUG	Provider finished startup: PluginProvider
1497257962252	addons.manager	DEBUG	Completed startup sequence

Build info: version: &#039;2.53.0&#039;, revision: &#039;35ae25b&#039;, time: &#039;2016-03-15 16:57:40&#039;
System info: host: &#039;SNYCON-PC&#039;, ip: &#039;192.168.100.15&#039;, os.name: &#039;Windows 7&#039;, os.arch: &#039;x86&#039;, os.version: &#039;6.1&#039;, java.version: &#039;1.7.0_09&#039;
Driver info: driver.version: FirefoxDriver">
      <![CDATA[org.openqa.selenium.WebDriverException: Failed to connect to binary FirefoxBinary(C:\Program Files\Mozilla Firefox\firefox.exe) on port 7066; process output follows: 
.xpi	DEBUG	Updating XPIState for {"id":"loop@mozilla.org","syncGUID":"g2Stk-lsBLvr","location":"app-system-defaults","version":"0.1","type":"extension","internalName":null,"updateURL":null,"updateKey":null,"optionsURL":null,"optionsType":null,"aboutURL":null,"icons":{},"iconURL":null,"icon64URL":null,"defaultLocale":{"name":"Firefox Hello Beta","description":"Web sharing for Firefox","creator":"Mozilla","homepageURL":null},"visible":true,"active":true,"userDisabled":false,"appDisabled":false,"descriptor":"C:\\Program Files\\Mozilla Firefox\\browser\\features\\loop@mozilla.org.xpi","installDate":1458092953000,"updateDate":1458092953000,"applyBackgroundUpdates":1,"bootstrap":true,"skinnable":false,"size":3086127,"sourceURI":null,"releaseNotesURI":null,"softDisabled":false,"foreignInstall":false,"hasBinaryComponents":false,"strictCompatibility":false,"locales":[],"targetApplications":[{"id":"{ec8030f7-c20a-464f-9b0e-13a3a9e97384}","minVersion":"45.0a1","maxVersion":"45.0.1"},{"id":"xpcshell@tests.mozilla.org","minVersion":"0","maxVersion":"10"}],"targetPlatforms":[],"multiprocessCompatible":false,"seen":true}
1497257961925	addons.xpi	DEBUG	getModTime: Recursive scan of loop@mozilla.org
1497257961925	addons.xpi	DEBUG	Updating XPIState for {"id":"{972ce4c6-7e08-4474-a285-3208198ce6fd}","syncGUID":"qiRmsAnrbHT6","location":"app-global","version":"45.0.1","type":"theme","internalName":"classic/1.0","updateURL":null,"updateKey":null,"optionsURL":null,"optionsType":null,"aboutURL":null,"icons":{"32":"icon.png","48":"icon.png"},"iconURL":null,"icon64URL":null,"defaultLocale":{"name":"Default","description":"The default theme.","creator":"Mozilla","homepageURL":null,"contributors":["Mozilla Contributors"]},"visible":true,"active":true,"userDisabled":false,"appDisabled":false,"descriptor":"C:\\Program Files\\Mozilla Firefox\\browser\\extensions\\{972ce4c6-7e08-4474-a285-3208198ce6fd}.xpi","installDate":1458092953000,"updateDate":1458092953000,"applyBackgroundUpdates":1,"skinnable":true,"size":22012,"sourceURI":null,"releaseNotesURI":null,"softDisabled":false,"foreignInstall":false,"hasBinaryComponents":false,"strictCompatibility":true,"locales":[],"targetApplications":[{"id":"{ec8030f7-c20a-464f-9b0e-13a3a9e97384}","minVersion":"45.0.1","maxVersion":"45.0.1"}],"targetPlatforms":[],"seen":true}
1497257961926	addons.xpi	DEBUG	getModTime: Recursive scan of {972ce4c6-7e08-4474-a285-3208198ce6fd}
1497257961926	DeferredSave.extensions.json	DEBUG	Save changes
1497257961927	addons.xpi	DEBUG	Updating database with changes to installed add-ons
1497257961927	addons.xpi-utils	DEBUG	Updating add-on states
1497257961934	addons.xpi-utils	DEBUG	Writing add-ons list
1497257961998	addons.xpi	DEBUG	Registering manifest for C:\Program Files\Mozilla Firefox\browser\features\loop@mozilla.org.xpi
1497257962009	addons.xpi	DEBUG	Calling bootstrap method startup on loop@mozilla.org version 0.1
1497257962119	addons.manager	DEBUG	Starting provider: <unnamed-provider>
1497257962119	addons.manager	DEBUG	Registering shutdown blocker for <unnamed-provider>
1497257962119	addons.manager	DEBUG	Provider finished startup: <unnamed-provider>
1497257962167	addons.manager	DEBUG	Registering shutdown blocker for XPIProvider
1497257962167	addons.manager	DEBUG	Provider finished startup: XPIProvider
1497257962167	addons.manager	DEBUG	Starting provider: LightweightThemeManager
1497257962168	addons.manager	DEBUG	Registering shutdown blocker for LightweightThemeManager
1497257962168	addons.manager	DEBUG	Provider finished startup: LightweightThemeManager
1497257962168	addons.manager	DEBUG	Starting provider: GMPProvider
1497257962251	addons.manager	DEBUG	Registering shutdown blocker for GMPProvider
1497257962252	addons.manager	DEBUG	Provider finished startup: GMPProvider
1497257962252	addons.manager	DEBUG	Starting provider: PluginProvider
1497257962252	addons.manager	DEBUG	Registering shutdown blocker for PluginProvider
1497257962252	addons.manager	DEBUG	Provider finished startup: PluginProvider
1497257962252	addons.manager	DEBUG	Completed startup sequence

Build info: version: '2.53.0', revision: '35ae25b', time: '2016-03-15 16:57:40'
System info: host: 'SNYCON-PC', ip: '192.168.100.15', os.name: 'Windows 7', os.arch: 'x86', os.version: '6.1', java.version: '1.7.0_09'
Driver info: driver.version: FirefoxDriver
	at org.openqa.selenium.firefox.internal.NewProfileExtensionConnection.start(NewProfileExtensionConnection.java:124)
	at org.openqa.selenium.firefox.FirefoxDriver.startClient(FirefoxDriver.java:271)
	at org.openqa.selenium.remote.RemoteWebDriver.<init>(RemoteWebDriver.java:119)
	at org.openqa.selenium.firefox.FirefoxDriver.<init>(FirefoxDriver.java:218)
	at org.openqa.selenium.firefox.FirefoxDriver.<init>(FirefoxDriver.java:211)
	at org.openqa.selenium.firefox.FirefoxDriver.<init>(FirefoxDriver.java:207)
	at org.openqa.selenium.firefox.FirefoxDriver.<init>(FirefoxDriver.java:120)
	at pom_script.online_test_dis.o1(online_test_dis.java:17)
	at sun.reflect.NativeMethodAccessorImpl.invoke0(Native Method)
	at sun.reflect.NativeMethodAccessorImpl.invoke(NativeMethodAccessorImpl.java:57)
	at sun.reflect.DelegatingMethodAccessorImpl.invoke(DelegatingMethodAccessorImpl.java:43)
	at java.lang.reflect.Method.invoke(Method.java:601)
	at org.testng.internal.MethodInvocationHelper.invokeMethod(MethodInvocationHelper.java:104)
	at org.testng.internal.Invoker.invokeMethod(Invoker.java:645)
	at org.testng.internal.Invoker.invokeTestMethod(Invoker.java:851)
	at org.testng.internal.Invoker.invokeTestMethods(Invoker.java:1177)
	at org.testng.internal.TestMethodWorker.invokeTestMethods(TestMethodWorker.java:129)
	at org.testng.internal.TestMethodWorker.run(TestMethodWorker.java:112)
	at org.testng.TestRunner.privateRun(TestRunner.java:756)
	at org.testng.TestRunner.run(TestRunner.java:610)
	at org.testng.SuiteRunner.runTest(SuiteRunner.java:387)
	at org.testng.SuiteRunner.runSequentially(SuiteRunner.java:382)
	at org.testng.SuiteRunner.privateRun(SuiteRunner.java:340)
	at org.testng.SuiteRunner.run(SuiteRunner.java:289)
	at org.testng.SuiteRunnerWorker.runSuite(SuiteRunnerWorker.java:52)
	at org.testng.SuiteRunnerWorker.run(SuiteRunnerWorker.java:86)
	at org.testng.TestNG.runSuitesSequentially(TestNG.java:1293)
	at org.testng.TestNG.runSuitesLocally(TestNG.java:1218)
	at org.testng.TestNG.runSuites(TestNG.java:1133)
	at org.testng.TestNG.run(TestNG.java:1104)
	at org.testng.remote.AbstractRemoteTestNG.run(AbstractRemoteTestNG.java:132)
	at org.testng.remote.RemoteTestNG.initAndRun(RemoteTestNG.java:236)
	at org.testng.remote.RemoteTestNG.main(RemoteTestNG.java:81)
Caused by: org.openqa.selenium.firefox.NotConnectedException: Unable to connect to host 127.0.0.1 on port 7066 after 45000 ms. Firefox console output:
.xpi	DEBUG	Updating XPIState for {"id":"loop@mozilla.org","syncGUID":"g2Stk-lsBLvr","location":"app-system-defaults","version":"0.1","type":"extension","internalName":null,"updateURL":null,"updateKey":null,"optionsURL":null,"optionsType":null,"aboutURL":null,"icons":{},"iconURL":null,"icon64URL":null,"defaultLocale":{"name":"Firefox Hello Beta","description":"Web sharing for Firefox","creator":"Mozilla","homepageURL":null},"visible":true,"active":true,"userDisabled":false,"appDisabled":false,"descriptor":"C:\\Program Files\\Mozilla Firefox\\browser\\features\\loop@mozilla.org.xpi","installDate":1458092953000,"updateDate":1458092953000,"applyBackgroundUpdates":1,"bootstrap":true,"skinnable":false,"size":3086127,"sourceURI":null,"releaseNotesURI":null,"softDisabled":false,"foreignInstall":false,"hasBinaryComponents":false,"strictCompatibility":false,"locales":[],"targetApplications":[{"id":"{ec8030f7-c20a-464f-9b0e-13a3a9e97384}","minVersion":"45.0a1","maxVersion":"45.0.1"},{"id":"xpcshell@tests.mozilla.org","minVersion":"0","maxVersion":"10"}],"targetPlatforms":[],"multiprocessCompatible":false,"seen":true}
1497257961925	addons.xpi	DEBUG	getModTime: Recursive scan of loop@mozilla.org
1497257961925	addons.xpi	DEBUG	Updating XPIState for {"id":"{972ce4c6-7e08-4474-a285-3208198ce6fd}","syncGUID":"qiRmsAnrbHT6","location":"app-global","version":"45.0.1","type":"theme","internalName":"classic/1.0","updateURL":null,"updateKey":null,"optionsURL":null,"optionsType":null,"aboutURL":null,"icons":{"32":"icon.png","48":"icon.png"},"iconURL":null,"icon64URL":null,"defaultLocale":{"name":"Default","description":"The default theme.","creator":"Mozilla","homepageURL":null,"contributors":["Mozilla Contributors"]},"visible":true,"active":true,"userDisabled":false,"appDisabled":false,"descriptor":"C:\\Program Files\\Mozilla Firefox\\browser\\extensions\\{972ce4c6-7e08-4474-a285-3208198ce6fd}.xpi","installDate":1458092953000,"updateDate":1458092953000,"applyBackgroundUpdates":1,"skinnable":true,"size":22012,"sourceURI":null,"releaseNotesURI":null,"softDisabled":false,"foreignInstall":false,"hasBinaryComponents":false,"strictCompatibility":true,"locales":[],"targetApplications":[{"id":"{ec8030f7-c20a-464f-9b0e-13a3a9e97384}","minVersion":"45.0.1","maxVersion":"45.0.1"}],"targetPlatforms":[],"seen":true}
1497257961926	addons.xpi	DEBUG	getModTime: Recursive scan of {972ce4c6-7e08-4474-a285-3208198ce6fd}
1497257961926	DeferredSave.extensions.json	DEBUG	Save changes
1497257961927	addons.xpi	DEBUG	Updating database with changes to installed add-ons
1497257961927	addons.xpi-utils	DEBUG	Updating add-on states
1497257961934	addons.xpi-utils	DEBUG	Writing add-ons list
1497257961998	addons.xpi	DEBUG	Registering manifest for C:\Program Files\Mozilla Firefox\browser\features\loop@mozilla.org.xpi
1497257962009	addons.xpi	DEBUG	Calling bootstrap method startup on loop@mozilla.org version 0.1
1497257962119	addons.manager	DEBUG	Starting provider: <unnamed-provider>
1497257962119	addons.manager	DEBUG	Registering shutdown blocker for <unnamed-provider>
1497257962119	addons.manager	DEBUG	Provider finished startup: <unnamed-provider>
1497257962167	addons.manager	DEBUG	Registering shutdown blocker for XPIProvider
1497257962167	addons.manager	DEBUG	Provider finished startup: XPIProvider
1497257962167	addons.manager	DEBUG	Starting provider: LightweightThemeManager
1497257962168	addons.manager	DEBUG	Registering shutdown blocker for LightweightThemeManager
1497257962168	addons.manager	DEBUG	Provider finished startup: LightweightThemeManager
1497257962168	addons.manager	DEBUG	Starting provider: GMPProvider
1497257962251	addons.manager	DEBUG	Registering shutdown blocker for GMPProvider
1497257962252	addons.manager	DEBUG	Provider finished startup: GMPProvider
1497257962252	addons.manager	DEBUG	Starting provider: PluginProvider
1497257962252	addons.manager	DEBUG	Registering shutdown blocker for PluginProvider
1497257962252	addons.manager	DEBUG	Provider finished startup: PluginProvider
1497257962252	addons.manager	DEBUG	Completed startup sequence

	at org.openqa.selenium.firefox.internal.NewProfileExtensionConnection.start(NewProfileExtensionConnection.java:112)
	... 32 more
]]>
    </error>
  </testcase> <!-- o1 -->
</testsuite> <!-- pom_script.online_test_dis -->
